<?xml version="1.0" encoding="UTF-8"?>
<testng-results skipped="0" failed="0" total="1" passed="1">
  <reporter-output>
  </reporter-output>
  <suite name="Default suite" duration-ms="47" started-at="2021-06-27T11:51:09Z" finished-at="2021-06-27T11:51:09Z">
    <groups>
    </groups>
    <test name="Default test" duration-ms="47" started-at="2021-06-27T11:51:09Z" finished-at="2021-06-27T11:51:09Z">
      <class name="Asseration.TestCases">
        <test-method status="PASS" signature="Testone()[pri:0, instance:Asseration.TestCases@7dc36524]" name="Testone" duration-ms="21" started-at="2021-06-27T17:21:09Z" finished-at="2021-06-27T17:21:09Z">
          <reporter-output>
          </reporter-output>
        </test-method> <!-- Testone -->
      </class> <!-- Asseration.TestCases -->
    </test> <!-- Default test -->
  </suite> <!-- Default suite -->
</testng-results>
